watch/app/build/intermediates/manifest_merge_blame_file/release/processReleaseMainManifest/manifest-merger-blame-release-report.txt
1<?xml version="1.0" encoding="utf-8"?>
2<manifest xmlns:android="http://schemas.android.com/apk/res/android"
3    package="com.samsung.health.client"
4    android:versionCode="103"
5    android:versionName="1.103" >
6
7    <uses-sdk
8        android:minSdkVersion="29"
9        android:targetSdkVersion="34" />
10
11    <uses-feature android:name="android.hardware.type.watch" />
11-->src\main\AndroidManifest.xml:5:5-64
11-->src\main\AndroidManifest.xml:5:19-61
12
13    <!-- Bluetooth Permissions -->
14    <uses-permission android:name="android.permission.BLUETOOTH" />
14-->src\main\AndroidManifest.xml:8:5-68
14-->src\main\AndroidManifest.xml:8:22-65
15    <uses-permission android:name="android.permission.BLUETOOTH_ADMIN" />
15-->src\main\AndroidManifest.xml:9:5-74
15-->src\main\AndroidManifest.xml:9:22-71
16    <uses-permission
16-->src\main\AndroidManifest.xml:10:5-120
17        android:name="android.permission.BLUETOOTH_SCAN"
17-->src\main\AndroidManifest.xml:10:22-70
18        android:usesPermissionFlags="neverForLocation" />
18-->src\main\AndroidManifest.xml:10:71-117
19    <uses-permission android:name="android.permission.BLUETOOTH_ADVERTISE" />
19-->src\main\AndroidManifest.xml:11:5-78
19-->src\main\AndroidManifest.xml:11:22-75
20    <uses-permission android:name="android.permission.BLUETOOTH_CONNECT" />
20-->src\main\AndroidManifest.xml:12:5-76
20-->src\main\AndroidManifest.xml:12:22-73
21
22    <!-- Wi-Fi & Nearby Permissions -->
23    <uses-permission android:name="android.permission.INTERNET" />
23-->src\main\AndroidManifest.xml:15:5-67
23-->src\main\AndroidManifest.xml:15:22-64
24    <uses-permission android:name="android.permission.NEARBY_WIFI_DEVICES" />
24-->src\main\AndroidManifest.xml:16:5-78
24-->src\main\AndroidManifest.xml:16:22-75
25    <uses-permission android:name="android.permission.CHANGE_WIFI_STATE" />
25-->src\main\AndroidManifest.xml:17:5-76
25-->src\main\AndroidManifest.xml:17:22-73
26    <uses-permission android:name="android.permission.ACCESS_WIFI_STATE" />
26-->src\main\AndroidManifest.xml:18:5-76
26-->src\main\AndroidManifest.xml:18:22-73
27    <uses-permission android:name="android.permission.CHANGE_WIFI_MULTICAST_STATE" />
27-->src\main\AndroidManifest.xml:19:5-86
27-->src\main\AndroidManifest.xml:19:22-83
28    <uses-permission android:name="android.permission.CHANGE_NETWORK_STATE" />
28-->src\main\AndroidManifest.xml:20:5-79
28-->src\main\AndroidManifest.xml:20:22-76
29    <uses-permission android:name="android.permission.WRITE_SETTINGS" />
29-->src\main\AndroidManifest.xml:21:5-73
29-->src\main\AndroidManifest.xml:21:22-70
30    <uses-permission android:name="android.permission.POST_NOTIFICATIONS" />
30-->src\main\AndroidManifest.xml:22:5-77
30-->src\main\AndroidManifest.xml:22:22-74
31
32    <!-- Location Permissions -->
33    <uses-permission android:name="android.permission.ACCESS_COARSE_LOCATION" />
33-->src\main\AndroidManifest.xml:25:5-81
33-->src\main\AndroidManifest.xml:25:22-78
34    <uses-permission android:name="android.permission.ACCESS_FINE_LOCATION" />
34-->src\main\AndroidManifest.xml:26:5-79
34-->src\main\AndroidManifest.xml:26:22-76
35
36    <!-- Storage Permissions -->
37    <uses-permission android:name="android.permission.READ_EXTERNAL_STORAGE" />
37-->src\main\AndroidManifest.xml:29:5-80
37-->src\main\AndroidManifest.xml:29:22-77
38    <uses-permission android:name="android.permission.WRITE_EXTERNAL_STORAGE" />
38-->src\main\AndroidManifest.xml:30:5-81
38-->src\main\AndroidManifest.xml:30:22-78
39    <uses-permission android:name="android.permission.MANAGE_EXTERNAL_STORAGE" />
39-->src\main\AndroidManifest.xml:31:5-82
39-->src\main\AndroidManifest.xml:31:22-79
40
41    <!-- Foreground Service Permissions -->
42    <uses-permission android:name="android.permission.FOREGROUND_SERVICE" />
42-->src\main\AndroidManifest.xml:34:5-77
42-->src\main\AndroidManifest.xml:34:22-74
43    <uses-permission android:name="android.permission.FOREGROUND_SERVICE_DATA_SYNC" />
43-->src\main\AndroidManifest.xml:35:5-87
43-->src\main\AndroidManifest.xml:35:22-84
44    <uses-permission android:name="android.permission.ACCESS_NETWORK_STATE" />
44-->[com.google.android.gms:play-services-nearby:18.7.0] AndroidManifest.xml:7:5-79
44-->[com.google.android.gms:play-services-nearby:18.7.0] AndroidManifest.xml:7:22-76
45
46    <permission
46-->[androidx.core:core:1.12.0] AndroidManifest.xml:22:5-24:47
47        android:name="com.samsung.health.client.DYNAMIC_RECEIVER_NOT_EXPORTED_PERMISSION"
47-->[androidx.core:core:1.12.0] AndroidManifest.xml:23:9-81
48        android:protectionLevel="signature" />
48-->[androidx.core:core:1.12.0] AndroidManifest.xml:24:9-44
49
50    <uses-permission android:name="com.samsung.health.client.DYNAMIC_RECEIVER_NOT_EXPORTED_PERMISSION" />
50-->[androidx.core:core:1.12.0] AndroidManifest.xml:26:5-97
50-->[androidx.core:core:1.12.0] AndroidManifest.xml:26:22-94
51
52    <application
52-->src\main\AndroidManifest.xml:37:5-87:19
53        android:allowBackup="true"
53-->src\main\AndroidManifest.xml:38:9-35
54        android:appComponentFactory="androidx.core.app.CoreComponentFactory"
54-->[androidx.core:core:1.12.0] AndroidManifest.xml:28:18-86
55        android:extractNativeLibs="false"
56        android:icon="@mipmap/launcher_icon"
56-->src\main\AndroidManifest.xml:39:9-45
57        android:label="HealthPort Sync"
57-->src\main\AndroidManifest.xml:40:9-40
58        android:requestLegacyExternalStorage="true"
58-->src\main\AndroidManifest.xml:43:9-52
59        android:supportsRtl="true"
59-->src\main\AndroidManifest.xml:41:9-35
60        android:theme="@android:style/Theme.DeviceDefault" >
60-->src\main\AndroidManifest.xml:42:9-59
61        <uses-library
61-->src\main\AndroidManifest.xml:45:9-92
62            android:name="com.google.android.wearable"
62-->src\main\AndroidManifest.xml:45:23-65
63            android:required="true" />
63-->src\main\AndroidManifest.xml:45:66-89
64
65        <meta-data
65-->src\main\AndroidManifest.xml:46:9-97
66            android:name="com.google.android.wearable.standalone"
66-->src\main\AndroidManifest.xml:46:20-73
67            android:value="true" />
67-->src\main\AndroidManifest.xml:46:74-94
68
69        <activity
69-->src\main\AndroidManifest.xml:48:9-56:20
70            android:name="com.samsung.health.client.MainActivity"
70-->src\main\AndroidManifest.xml:49:13-66
71            android:exported="true"
71-->src\main\AndroidManifest.xml:50:13-36
72            android:label="HealthPort Sync" >
72-->src\main\AndroidManifest.xml:51:13-44
73            <intent-filter>
73-->src\main\AndroidManifest.xml:52:13-55:29
74                <action android:name="android.intent.action.MAIN" />
74-->src\main\AndroidManifest.xml:53:17-69
74-->src\main\AndroidManifest.xml:53:25-66
75
76                <category android:name="android.intent.category.LAUNCHER" />
76-->src\main\AndroidManifest.xml:54:17-77
76-->src\main\AndroidManifest.xml:54:27-74
77            </intent-filter>
78        </activity>
79
80        <service
80-->src\main\AndroidManifest.xml:58:9-62:56
81            android:name="com.samsung.health.client.SyncService"
81-->src\main\AndroidManifest.xml:59:13-65
82            android:enabled="true"
82-->src\main\AndroidManifest.xml:60:13-35
83            android:exported="false"
83-->src\main\AndroidManifest.xml:61:13-37
84            android:foregroundServiceType="dataSync" />
84-->src\main\AndroidManifest.xml:62:13-53
85        <service
85-->src\main\AndroidManifest.xml:64:9-79:19
86            android:name="com.samsung.health.client.WatchMessageReceiverService"
86-->src\main\AndroidManifest.xml:65:13-81
87            android:enabled="true"
87-->src\main\AndroidManifest.xml:67:13-35
88            android:exported="true" >
88-->src\main\AndroidManifest.xml:66:13-36
89            <intent-filter>
89-->src\main\AndroidManifest.xml:68:13-78:29
90                <action android:name="com.google.android.gms.wearable.MESSAGE_RECEIVED" />
90-->src\main\AndroidManifest.xml:69:17-91
90-->src\main\AndroidManifest.xml:69:25-88
91
92                <data
92-->src\main\AndroidManifest.xml:70:17-73:63
93                    android:host="*"
93-->src\main\AndroidManifest.xml:72:21-37
94                    android:pathPrefix="/request_wifi_join"
94-->src\main\AndroidManifest.xml:73:21-60
95                    android:scheme="wear" />
95-->src\main\AndroidManifest.xml:71:21-42
96                <data
96-->src\main\AndroidManifest.xml:70:17-73:63
97                    android:host="*"
97-->src\main\AndroidManifest.xml:72:21-37
98                    android:pathPrefix="/open_watch_sysdump"
98-->src\main\AndroidManifest.xml:73:21-60
99                    android:scheme="wear" />
99-->src\main\AndroidManifest.xml:71:21-42
100            </intent-filter>
101        </service>
102
103        <activity
103-->src\main\AndroidManifest.xml:81:9-85:45
104            android:name="com.samsung.health.client.GuideDialogActivity"
104-->src\main\AndroidManifest.xml:82:13-73
105            android:exported="false"
105-->src\main\AndroidManifest.xml:83:13-37
106            android:label="SysDump Guide"
106-->src\main\AndroidManifest.xml:85:13-42
107            android:theme="@android:style/Theme.DeviceDefault.Dialog" />
107-->src\main\AndroidManifest.xml:84:13-70
108
109        <service
109-->[com.google.android.gms:play-services-nearby:18.7.0] AndroidManifest.xml:10:9-13:105
110            android:name="com.google.android.gms.nearby.exposurenotification.WakeUpService"
110-->[com.google.android.gms:play-services-nearby:18.7.0] AndroidManifest.xml:11:13-92
111            android:exported="true"
111-->[com.google.android.gms:play-services-nearby:18.7.0] AndroidManifest.xml:12:13-36
112            android:permission="com.google.android.gms.nearby.exposurenotification.EXPOSURE_CALLBACK" />
112-->[com.google.android.gms:play-services-nearby:18.7.0] AndroidManifest.xml:13:13-102
113
114        <activity
114-->[com.google.android.gms:play-services-base:18.0.1] AndroidManifest.xml:20:9-22:45
115            android:name="com.google.android.gms.common.api.GoogleApiActivity"
115-->[com.google.android.gms:play-services-base:18.0.1] AndroidManifest.xml:20:19-85
116            android:exported="false"
116-->[com.google.android.gms:play-services-base:18.0.1] AndroidManifest.xml:22:19-43
117            android:theme="@android:style/Theme.Translucent.NoTitleBar" />
117-->[com.google.android.gms:play-services-base:18.0.1] AndroidManifest.xml:21:19-78
118
119        <meta-data
119-->[com.google.android.gms:play-services-basement:18.0.0] AndroidManifest.xml:21:9-23:69
120            android:name="com.google.android.gms.version"
120-->[com.google.android.gms:play-services-basement:18.0.0] AndroidManifest.xml:22:13-58
121            android:value="@integer/google_play_services_version" />
121-->[com.google.android.gms:play-services-basement:18.0.0] AndroidManifest.xml:23:13-66
122    </application>
123
124</manifest>